Using pre-set license
Built from '2021.1/staging' branch; Version is '2021.1.7f1 (d91830b65d9b) revision 14227504'; Using compiler version '192528614'; Build Type 'Release'
OS: 'Windows 10 Education; OS build 19043.1237; Version 2009; 64bit' Language: 'en' Physical Memory: 16247 MB
BatchMode: 1, IsHumanControllingUs: 0, StartBugReporterOnCrash: 0, Is64bit: 1, IsPro: 0

 COMMAND LINE ARGUMENTS:
C:\Program Files\Unity 2021.1.7f1\Editor\Unity.exe
-adb2
-batchMode
-noUpm
-name
AssetImportWorker0
-projectPath
C:/Users/9t.cc/Documents/GithubFiles/Zombie_Runner/Zombie_Runner/Zombie_Runner
-logFile
Logs/AssetImportWorker0.log
-srvPort
65007
Successfully changed project path to: C:/Users/9t.cc/Documents/GithubFiles/Zombie_Runner/Zombie_Runner/Zombie_Runner
C:/Users/9t.cc/Documents/GithubFiles/Zombie_Runner/Zombie_Runner/Zombie_Runner
Using Asset Import Pipeline V2.
Refreshing native plugins compatible for Editor in 80.58 ms, found 1 plugins.
Preloading 0 native plugins for Editor in 0.00 ms.
Initialize engine version: 2021.1.7f1 (d91830b65d9b)
[Subsystems] Discovering subsystems at path C:/Program Files/Unity 2021.1.7f1/Editor/Data/Resources/UnitySubsystems
[Subsystems] Discovering subsystems at path C:/Users/9t.cc/Documents/GithubFiles/Zombie_Runner/Zombie_Runner/Zombie_Runner/Assets
GfxDevice: creating device client; threaded=0; jobified=0
Direct3D:
    Version:  Direct3D 11.0 [level 11.1]
    Renderer: AMD Radeon R7 450 (ID=0x682b)
    Vendor:   ATI
    VRAM:     4076 MB
    Driver:   24.20.11020.3002
Initialize mono
Mono path[0] = 'C:/Program Files/Unity 2021.1.7f1/Editor/Data/Managed'
Mono path[1] = 'C:/Program Files/Unity 2021.1.7f1/Editor/Data/MonoBleedingEdge/lib/mono/unityjit'
Mono config path = 'C:/Program Files/Unity 2021.1.7f1/Editor/Data/MonoBleedingEdge/etc'
Using monoOptions --debugger-agent=transport=dt_socket,embedding=1,server=y,suspend=n,address=127.0.0.1:56144
Begin MonoManager ReloadAssembly
Registering precompiled unity dll's ...
Register platform support module: C:/Program Files/Unity 2021.1.7f1/Editor/Data/PlaybackEngines/WebGLSupport/UnityEditor.WebGL.Extensions.dll
Register platform support module: C:/Program Files/Unity 2021.1.7f1/Editor/Data/PlaybackEngines/WindowsStandaloneSupport/UnityEditor.WindowsStandalone.Extensions.dll
Registered in 0.002056 seconds.
Native extension for WindowsStandalone target not found
Native extension for WebGL target not found
Refreshing native plugins compatible for Editor in 86.49 ms, found 1 plugins.
Preloading 0 native plugins for Editor in 0.00 ms.
Mono: successfully reloaded assembly
- Completed reload, in  1.273 seconds
Platform modules already initialized, skipping
Registering precompiled user dll's ...
Registered in 0.003050 seconds.
Begin MonoManager ReloadAssembly
Symbol file LoadedFromMemory doesn't match image C:\Users\9t.cc\Documents\GithubFiles\Zombie_Runner\Zombie_Runner\Zombie_Runner\Library\PackageCache\com.unity.visualscripting@1.6.1\Editor\VisualScripting.Core\Dependencies\YamlDotNet\Unity.VisualScripting.YamlDotNet.dll
Symbol file LoadedFromMemory doesn't match image C:\Users\9t.cc\Documents\GithubFiles\Zombie_Runner\Zombie_Runner\Zombie_Runner\Library\PackageCache\com.unity.visualscripting@1.6.1\Editor\VisualScripting.Core\Dependencies\DotNetZip\Unity.VisualScripting.IonicZip.dll
Native extension for WindowsStandalone target not found
Native extension for WebGL target not found
Refreshing native plugins compatible for Editor in 79.39 ms, found 1 plugins.
Preloading 0 native plugins for Editor in 0.00 ms.
Mono: successfully reloaded assembly
- Completed reload, in  1.087 seconds
Platform modules already initialized, skipping
========================================================================
Worker process is ready to serve import requests
Launched and connected shader compiler UnityShaderCompiler.exe after 0.05 seconds
Refreshing native plugins compatible for Editor in 0.70 ms, found 1 plugins.
Preloading 0 native plugins for Editor in 0.00 ms.
Unloading 3133 Unused Serialized files (Serialized files now loaded: 0)
System memory in use before: 116.3 MB.
System memory in use after: 116.4 MB.

Unloading 17 unused Assets to reduce memory usage. Loaded Objects now: 3588.
Total: 2.094600 ms (FindLiveObjects: 0.227200 ms CreateObjectMapping: 0.146400 ms MarkObjects: 1.653300 ms  DeleteObjects: 0.066900 ms)

========================================================================
Received Import Request.
  path: Assets
  artifactKey: Guid(00000000000000001000000000000000) Importer(815301076,1909f56bfc062723c751e8b465ee728b)
Start importing Assets using Guid(00000000000000001000000000000000) Importer(815301076,1909f56bfc062723c751e8b465ee728b)  -> (artifact id: '42d402b061de3733987d63b9cc3b64de') in 0.005242 seconds 
========================================================================
Received Import Request.
  Time since last request: 3.155970 seconds.
  path: Assets/NewBehaviourScript.cs
  artifactKey: Guid(15f6f17eeefbf5948a73c122b6f94657) Importer(815301076,1909f56bfc062723c751e8b465ee728b)
Start importing Assets/NewBehaviourScript.cs using Guid(15f6f17eeefbf5948a73c122b6f94657) Importer(815301076,1909f56bfc062723c751e8b465ee728b)  -> (artifact id: '09d9690420e3093e2e764fe8c83f7a23') in 0.191690 seconds 
========================================================================
Received Prepare
Registering precompiled user dll's ...
Registered in 0.002984 seconds.
Begin MonoManager ReloadAssembly
Symbol file LoadedFromMemory doesn't match image C:\Users\9t.cc\Documents\GithubFiles\Zombie_Runner\Zombie_Runner\Zombie_Runner\Library\PackageCache\com.unity.visualscripting@1.6.1\Editor\VisualScripting.Core\Dependencies\YamlDotNet\Unity.VisualScripting.YamlDotNet.dll
Symbol file LoadedFromMemory doesn't match image C:\Users\9t.cc\Documents\GithubFiles\Zombie_Runner\Zombie_Runner\Zombie_Runner\Library\PackageCache\com.unity.visualscripting@1.6.1\Editor\VisualScripting.Core\Dependencies\DotNetZip\Unity.VisualScripting.IonicZip.dll
Native extension for WindowsStandalone target not found
Native extension for WebGL target not found
Refreshing native plugins compatible for Editor in 0.54 ms, found 1 plugins.
Preloading 0 native plugins for Editor in 0.00 ms.
Mono: successfully reloaded assembly
- Completed reload, in  0.973 seconds
Platform modules already initialized, skipping
Refreshing native plugins compatible for Editor in 0.50 ms, found 1 plugins.
Preloading 0 native plugins for Editor in 0.00 ms.
Unloading 3125 Unused Serialized files (Serialized files now loaded: 0)
System memory in use before: 116.2 MB.
System memory in use after: 116.4 MB.

Unloading 10 unused Assets to reduce memory usage. Loaded Objects now: 3591.
Total: 2.539400 ms (FindLiveObjects: 0.244100 ms CreateObjectMapping: 0.149200 ms MarkObjects: 2.067800 ms  DeleteObjects: 0.077500 ms)

========================================================================
Received Import Request.
  Time since last request: 18.357309 seconds.
  path: Assets/Scripts
  artifactKey: Guid(0cad8882345519840a691695daf5ea39) Importer(815301076,1909f56bfc062723c751e8b465ee728b)
Start importing Assets/Scripts using Guid(0cad8882345519840a691695daf5ea39) Importer(815301076,1909f56bfc062723c751e8b465ee728b)  -> (artifact id: '83974053d9c38aec80a25ee63938a9a3') in 0.006798 seconds 
========================================================================
Received Prepare
Registering precompiled user dll's ...
Registered in 0.003777 seconds.
Begin MonoManager ReloadAssembly
Symbol file LoadedFromMemory doesn't match image C:\Users\9t.cc\Documents\GithubFiles\Zombie_Runner\Zombie_Runner\Zombie_Runner\Library\PackageCache\com.unity.visualscripting@1.6.1\Editor\VisualScripting.Core\Dependencies\YamlDotNet\Unity.VisualScripting.YamlDotNet.dll
Symbol file LoadedFromMemory doesn't match image C:\Users\9t.cc\Documents\GithubFiles\Zombie_Runner\Zombie_Runner\Zombie_Runner\Library\PackageCache\com.unity.visualscripting@1.6.1\Editor\VisualScripting.Core\Dependencies\DotNetZip\Unity.VisualScripting.IonicZip.dll
Native extension for WindowsStandalone target not found
Native extension for WebGL target not found
Refreshing native plugins compatible for Editor in 0.57 ms, found 1 plugins.
Preloading 0 native plugins for Editor in 0.00 ms.
Mono: successfully reloaded assembly
- Completed reload, in  0.979 seconds
Platform modules already initialized, skipping
Refreshing native plugins compatible for Editor in 0.85 ms, found 1 plugins.
Preloading 0 native plugins for Editor in 0.00 ms.
Unloading 3125 Unused Serialized files (Serialized files now loaded: 0)
System memory in use before: 116.2 MB.
System memory in use after: 116.4 MB.

Unloading 10 unused Assets to reduce memory usage. Loaded Objects now: 3594.
Total: 1.953000 ms (FindLiveObjects: 0.220400 ms CreateObjectMapping: 0.143300 ms MarkObjects: 1.548100 ms  DeleteObjects: 0.040600 ms)

========================================================================
Received Import Request.
  Time since last request: 26.537136 seconds.
  path: Assets/Scripts/EnemyAI.cs
  artifactKey: Guid(73003035077d7f74ba0676a605f5e308) Importer(815301076,1909f56bfc062723c751e8b465ee728b)
Start importing Assets/Scripts/EnemyAI.cs using Guid(73003035077d7f74ba0676a605f5e308) Importer(815301076,1909f56bfc062723c751e8b465ee728b)  -> (artifact id: 'e00dd8169b0f03b28eb263bb017a9c65') in 0.007322 seconds 
========================================================================
Received Prepare
Registering precompiled user dll's ...
Registered in 0.003066 seconds.
Begin MonoManager ReloadAssembly
Symbol file LoadedFromMemory doesn't match image C:\Users\9t.cc\Documents\GithubFiles\Zombie_Runner\Zombie_Runner\Zombie_Runner\Library\PackageCache\com.unity.visualscripting@1.6.1\Editor\VisualScripting.Core\Dependencies\YamlDotNet\Unity.VisualScripting.YamlDotNet.dll
Symbol file LoadedFromMemory doesn't match image C:\Users\9t.cc\Documents\GithubFiles\Zombie_Runner\Zombie_Runner\Zombie_Runner\Library\PackageCache\com.unity.visualscripting@1.6.1\Editor\VisualScripting.Core\Dependencies\DotNetZip\Unity.VisualScripting.IonicZip.dll
Native extension for WindowsStandalone target not found
Native extension for WebGL target not found
Refreshing native plugins compatible for Editor in 0.52 ms, found 1 plugins.
Preloading 0 native plugins for Editor in 0.00 ms.
Mono: successfully reloaded assembly
- Completed reload, in  0.962 seconds
Platform modules already initialized, skipping
Refreshing native plugins compatible for Editor in 0.54 ms, found 1 plugins.
Preloading 0 native plugins for Editor in 0.00 ms.
Unloading 3125 Unused Serialized files (Serialized files now loaded: 0)
System memory in use before: 116.2 MB.
System memory in use after: 116.4 MB.

Unloading 10 unused Assets to reduce memory usage. Loaded Objects now: 3597.
Total: 3.763900 ms (FindLiveObjects: 0.423200 ms CreateObjectMapping: 0.306300 ms MarkObjects: 2.954800 ms  DeleteObjects: 0.077600 ms)

========================================================================
Received Import Request.
  Time since last request: 268.877047 seconds.
  path: Assets/Scripts/EnemyAI.cs
  artifactKey: Guid(73003035077d7f74ba0676a605f5e308) Importer(815301076,1909f56bfc062723c751e8b465ee728b)
Start importing Assets/Scripts/EnemyAI.cs using Guid(73003035077d7f74ba0676a605f5e308) Importer(815301076,1909f56bfc062723c751e8b465ee728b)  -> (artifact id: '311d2263f2bf38d4e45c62b66915b335') in 0.006080 seconds 
========================================================================
Received Prepare
Registering precompiled user dll's ...
Registered in 0.003576 seconds.
Begin MonoManager ReloadAssembly
Symbol file LoadedFromMemory doesn't match image C:\Users\9t.cc\Documents\GithubFiles\Zombie_Runner\Zombie_Runner\Zombie_Runner\Library\PackageCache\com.unity.visualscripting@1.6.1\Editor\VisualScripting.Core\Dependencies\YamlDotNet\Unity.VisualScripting.YamlDotNet.dll
Symbol file LoadedFromMemory doesn't match image C:\Users\9t.cc\Documents\GithubFiles\Zombie_Runner\Zombie_Runner\Zombie_Runner\Library\PackageCache\com.unity.visualscripting@1.6.1\Editor\VisualScripting.Core\Dependencies\DotNetZip\Unity.VisualScripting.IonicZip.dll
Native extension for WindowsStandalone target not found
Native extension for WebGL target not found
Refreshing native plugins compatible for Editor in 0.53 ms, found 1 plugins.
Preloading 0 native plugins for Editor in 0.00 ms.
Mono: successfully reloaded assembly
- Completed reload, in  0.985 seconds
Platform modules already initialized, skipping
Refreshing native plugins compatible for Editor in 0.50 ms, found 1 plugins.
Preloading 0 native plugins for Editor in 0.00 ms.
Unloading 3125 Unused Serialized files (Serialized files now loaded: 0)
System memory in use before: 116.3 MB.
System memory in use after: 116.5 MB.

Unloading 10 unused Assets to reduce memory usage. Loaded Objects now: 3600.
Total: 2.436700 ms (FindLiveObjects: 0.345100 ms CreateObjectMapping: 0.212400 ms MarkObjects: 1.828500 ms  DeleteObjects: 0.049100 ms)

========================================================================
Received Prepare
Registering precompiled user dll's ...
Registered in 0.004655 seconds.
Begin MonoManager ReloadAssembly
Symbol file LoadedFromMemory doesn't match image C:\Users\9t.cc\Documents\GithubFiles\Zombie_Runner\Zombie_Runner\Zombie_Runner\Library\PackageCache\com.unity.visualscripting@1.6.1\Editor\VisualScripting.Core\Dependencies\YamlDotNet\Unity.VisualScripting.YamlDotNet.dll
Symbol file LoadedFromMemory doesn't match image C:\Users\9t.cc\Documents\GithubFiles\Zombie_Runner\Zombie_Runner\Zombie_Runner\Library\PackageCache\com.unity.visualscripting@1.6.1\Editor\VisualScripting.Core\Dependencies\DotNetZip\Unity.VisualScripting.IonicZip.dll
Native extension for WindowsStandalone target not found
Native extension for WebGL target not found
Refreshing native plugins compatible for Editor in 0.53 ms, found 1 plugins.
Preloading 0 native plugins for Editor in 0.00 ms.
Mono: successfully reloaded assembly
- Completed reload, in  0.964 seconds
Platform modules already initialized, skipping
Refreshing native plugins compatible for Editor in 0.61 ms, found 1 plugins.
Preloading 0 native plugins for Editor in 0.00 ms.
Unloading 3125 Unused Serialized files (Serialized files now loaded: 0)
System memory in use before: 116.3 MB.
System memory in use after: 116.5 MB.

Unloading 10 unused Assets to reduce memory usage. Loaded Objects now: 3603.
Total: 2.158000 ms (FindLiveObjects: 0.265500 ms CreateObjectMapping: 0.158000 ms MarkObjects: 1.687100 ms  DeleteObjects: 0.046100 ms)

========================================================================
Received Prepare
Registering precompiled user dll's ...
Registered in 0.003323 seconds.
Begin MonoManager ReloadAssembly
Symbol file LoadedFromMemory doesn't match image C:\Users\9t.cc\Documents\GithubFiles\Zombie_Runner\Zombie_Runner\Zombie_Runner\Library\PackageCache\com.unity.visualscripting@1.6.1\Editor\VisualScripting.Core\Dependencies\YamlDotNet\Unity.VisualScripting.YamlDotNet.dll
Symbol file LoadedFromMemory doesn't match image C:\Users\9t.cc\Documents\GithubFiles\Zombie_Runner\Zombie_Runner\Zombie_Runner\Library\PackageCache\com.unity.visualscripting@1.6.1\Editor\VisualScripting.Core\Dependencies\DotNetZip\Unity.VisualScripting.IonicZip.dll
Native extension for WindowsStandalone target not found
Native extension for WebGL target not found
Refreshing native plugins compatible for Editor in 0.82 ms, found 1 plugins.
Preloading 0 native plugins for Editor in 0.00 ms.
Mono: successfully reloaded assembly
- Completed reload, in  0.908 seconds
Platform modules already initialized, skipping
Refreshing native plugins compatible for Editor in 0.57 ms, found 1 plugins.
Preloading 0 native plugins for Editor in 0.00 ms.
Unloading 3125 Unused Serialized files (Serialized files now loaded: 0)
System memory in use before: 116.3 MB.
System memory in use after: 116.5 MB.

Unloading 10 unused Assets to reduce memory usage. Loaded Objects now: 3606.
Total: 2.230800 ms (FindLiveObjects: 0.218400 ms CreateObjectMapping: 0.131500 ms MarkObjects: 1.833300 ms  DeleteObjects: 0.046100 ms)

========================================================================
Received Prepare
Registering precompiled user dll's ...
Registered in 0.003928 seconds.
Begin MonoManager ReloadAssembly
Symbol file LoadedFromMemory doesn't match image C:\Users\9t.cc\Documents\GithubFiles\Zombie_Runner\Zombie_Runner\Zombie_Runner\Library\PackageCache\com.unity.visualscripting@1.6.1\Editor\VisualScripting.Core\Dependencies\YamlDotNet\Unity.VisualScripting.YamlDotNet.dll
Symbol file LoadedFromMemory doesn't match image C:\Users\9t.cc\Documents\GithubFiles\Zombie_Runner\Zombie_Runner\Zombie_Runner\Library\PackageCache\com.unity.visualscripting@1.6.1\Editor\VisualScripting.Core\Dependencies\DotNetZip\Unity.VisualScripting.IonicZip.dll
Native extension for WindowsStandalone target not found
Native extension for WebGL target not found
Refreshing native plugins compatible for Editor in 0.51 ms, found 1 plugins.
Preloading 0 native plugins for Editor in 0.00 ms.
Mono: successfully reloaded assembly
- Completed reload, in  0.980 seconds
Platform modules already initialized, skipping
Refreshing native plugins compatible for Editor in 0.50 ms, found 1 plugins.
Preloading 0 native plugins for Editor in 0.00 ms.
Unloading 3125 Unused Serialized files (Serialized files now loaded: 0)
System memory in use before: 116.3 MB.
System memory in use after: 116.5 MB.

Unloading 10 unused Assets to reduce memory usage. Loaded Objects now: 3609.
Total: 2.026300 ms (FindLiveObjects: 0.222400 ms CreateObjectMapping: 0.133200 ms MarkObjects: 1.625800 ms  DeleteObjects: 0.043800 ms)

========================================================================
Received Import Request.
  Time since last request: 670.990554 seconds.
  path: Assets/Materials
  artifactKey: Guid(c85c3134936d51c48a96783485857e14) Importer(815301076,1909f56bfc062723c751e8b465ee728b)
Start importing Assets/Materials using Guid(c85c3134936d51c48a96783485857e14) Importer(815301076,1909f56bfc062723c751e8b465ee728b)  -> (artifact id: 'abedb50b1638a07f9f54faec109ed504') in 0.006060 seconds 
========================================================================
Received Import Request.
  Time since last request: 19.266260 seconds.
  path: Assets/Materials/Slippery Materail.physicMaterial
  artifactKey: Guid(a7acea6561fe955439533c13749cffdb) Importer(815301076,1909f56bfc062723c751e8b465ee728b)
Start importing Assets/Materials/Slippery Materail.physicMaterial using Guid(a7acea6561fe955439533c13749cffdb) Importer(815301076,1909f56bfc062723c751e8b465ee728b)  -> (artifact id: 'e2413fee895e4c846574498004bd5f5a') in 0.036217 seconds 
========================================================================
Received Import Request.
  Time since last request: 9.216394 seconds.
  path: Assets/Materials/Slippery Material.physicMaterial
  artifactKey: Guid(a7acea6561fe955439533c13749cffdb) Importer(815301076,1909f56bfc062723c751e8b465ee728b)
Start importing Assets/Materials/Slippery Material.physicMaterial using Guid(a7acea6561fe955439533c13749cffdb) Importer(815301076,1909f56bfc062723c751e8b465ee728b)  -> (artifact id: 'ba909a9c9da0b623425801e91f79325e') in 0.002698 seconds 
========================================================================
Received Prepare
Registering precompiled user dll's ...
Registered in 0.003041 seconds.
Begin MonoManager ReloadAssembly
Symbol file LoadedFromMemory doesn't match image C:\Users\9t.cc\Documents\GithubFiles\Zombie_Runner\Zombie_Runner\Zombie_Runner\Library\PackageCache\com.unity.visualscripting@1.6.1\Editor\VisualScripting.Core\Dependencies\YamlDotNet\Unity.VisualScripting.YamlDotNet.dll
Symbol file LoadedFromMemory doesn't match image C:\Users\9t.cc\Documents\GithubFiles\Zombie_Runner\Zombie_Runner\Zombie_Runner\Library\PackageCache\com.unity.visualscripting@1.6.1\Editor\VisualScripting.Core\Dependencies\DotNetZip\Unity.VisualScripting.IonicZip.dll
Native extension for WindowsStandalone target not found
Native extension for WebGL target not found
Refreshing native plugins compatible for Editor in 0.51 ms, found 1 plugins.
Preloading 0 native plugins for Editor in 0.00 ms.
Mono: successfully reloaded assembly
- Completed reload, in  0.959 seconds
Platform modules already initialized, skipping
Refreshing native plugins compatible for Editor in 0.52 ms, found 1 plugins.
Preloading 0 native plugins for Editor in 0.00 ms.
Unloading 3125 Unused Serialized files (Serialized files now loaded: 0)
System memory in use before: 116.3 MB.
System memory in use after: 116.5 MB.

Unloading 10 unused Assets to reduce memory usage. Loaded Objects now: 3612.
Total: 2.381700 ms (FindLiveObjects: 0.219500 ms CreateObjectMapping: 0.126700 ms MarkObjects: 1.981600 ms  DeleteObjects: 0.052500 ms)

========================================================================
Received Prepare
Registering precompiled user dll's ...
Registered in 0.003662 seconds.
Begin MonoManager ReloadAssembly
Symbol file LoadedFromMemory doesn't match image C:\Users\9t.cc\Documents\GithubFiles\Zombie_Runner\Zombie_Runner\Zombie_Runner\Library\PackageCache\com.unity.visualscripting@1.6.1\Editor\VisualScripting.Core\Dependencies\YamlDotNet\Unity.VisualScripting.YamlDotNet.dll
Symbol file LoadedFromMemory doesn't match image C:\Users\9t.cc\Documents\GithubFiles\Zombie_Runner\Zombie_Runner\Zombie_Runner\Library\PackageCache\com.unity.visualscripting@1.6.1\Editor\VisualScripting.Core\Dependencies\DotNetZip\Unity.VisualScripting.IonicZip.dll
Native extension for WindowsStandalone target not found
Native extension for WebGL target not found
Refreshing native plugins compatible for Editor in 0.53 ms, found 1 plugins.
Preloading 0 native plugins for Editor in 0.00 ms.
Mono: successfully reloaded assembly
- Completed reload, in  1.036 seconds
Platform modules already initialized, skipping
Refreshing native plugins compatible for Editor in 0.50 ms, found 1 plugins.
Preloading 0 native plugins for Editor in 0.00 ms.
Unloading 3125 Unused Serialized files (Serialized files now loaded: 0)
System memory in use before: 116.3 MB.
System memory in use after: 116.5 MB.

Unloading 10 unused Assets to reduce memory usage. Loaded Objects now: 3615.
Total: 2.041000 ms (FindLiveObjects: 0.232400 ms CreateObjectMapping: 0.146000 ms MarkObjects: 1.617400 ms  DeleteObjects: 0.044200 ms)

========================================================================
Received Import Request.
  Time since last request: 300.209172 seconds.
  path: Assets/Prefabs
  artifactKey: Guid(69125d86c1f350b4683a737e37d219d8) Importer(815301076,1909f56bfc062723c751e8b465ee728b)
Start importing Assets/Prefabs using Guid(69125d86c1f350b4683a737e37d219d8) Importer(815301076,1909f56bfc062723c751e8b465ee728b)  -> (artifact id: 'ef11248ff89d328c1e4ce3cffa56730f') in 0.007723 seconds 
========================================================================
Received Import Request.
  Time since last request: 7.469705 seconds.
  path: Assets/Prefabs/Enemy.prefab
  artifactKey: Guid(e24f9ff518eca594094048cd548c5ed7) Importer(815301076,1909f56bfc062723c751e8b465ee728b)
Start importing Assets/Prefabs/Enemy.prefab using Guid(e24f9ff518eca594094048cd548c5ed7) Importer(815301076,1909f56bfc062723c751e8b465ee728b)  -> (artifact id: '4f2327441770fc591842f44a0cf83fc2') in 0.091527 seconds 
========================================================================
Received Prepare
Registering precompiled user dll's ...
Registered in 0.003318 seconds.
Begin MonoManager ReloadAssembly
Symbol file LoadedFromMemory doesn't match image C:\Users\9t.cc\Documents\GithubFiles\Zombie_Runner\Zombie_Runner\Zombie_Runner\Library\PackageCache\com.unity.visualscripting@1.6.1\Editor\VisualScripting.Core\Dependencies\YamlDotNet\Unity.VisualScripting.YamlDotNet.dll
Symbol file LoadedFromMemory doesn't match image C:\Users\9t.cc\Documents\GithubFiles\Zombie_Runner\Zombie_Runner\Zombie_Runner\Library\PackageCache\com.unity.visualscripting@1.6.1\Editor\VisualScripting.Core\Dependencies\DotNetZip\Unity.VisualScripting.IonicZip.dll
Native extension for WindowsStandalone target not found
Native extension for WebGL target not found
Refreshing native plugins compatible for Editor in 0.54 ms, found 1 plugins.
Preloading 0 native plugins for Editor in 0.00 ms.
Mono: successfully reloaded assembly
- Completed reload, in  1.010 seconds
Platform modules already initialized, skipping
Refreshing native plugins compatible for Editor in 0.52 ms, found 1 plugins.
Preloading 0 native plugins for Editor in 0.00 ms.
Unloading 3125 Unused Serialized files (Serialized files now loaded: 0)
System memory in use before: 120.0 MB.
System memory in use after: 120.2 MB.

Unloading 11 unused Assets to reduce memory usage. Loaded Objects now: 3626.
Total: 2.743100 ms (FindLiveObjects: 0.380800 ms CreateObjectMapping: 0.125300 ms MarkObjects: 2.174800 ms  DeleteObjects: 0.059800 ms)

========================================================================
Received Prepare
Registering precompiled user dll's ...
Registered in 0.003545 seconds.
Begin MonoManager ReloadAssembly
Symbol file LoadedFromMemory doesn't match image C:\Users\9t.cc\Documents\GithubFiles\Zombie_Runner\Zombie_Runner\Zombie_Runner\Library\PackageCache\com.unity.visualscripting@1.6.1\Editor\VisualScripting.Core\Dependencies\YamlDotNet\Unity.VisualScripting.YamlDotNet.dll
Symbol file LoadedFromMemory doesn't match image C:\Users\9t.cc\Documents\GithubFiles\Zombie_Runner\Zombie_Runner\Zombie_Runner\Library\PackageCache\com.unity.visualscripting@1.6.1\Editor\VisualScripting.Core\Dependencies\DotNetZip\Unity.VisualScripting.IonicZip.dll
Native extension for WindowsStandalone target not found
Native extension for WebGL target not found
Refreshing native plugins compatible for Editor in 0.71 ms, found 1 plugins.
Preloading 0 native plugins for Editor in 0.00 ms.
Mono: successfully reloaded assembly
- Completed reload, in  1.018 seconds
Platform modules already initialized, skipping
Refreshing native plugins compatible for Editor in 0.52 ms, found 1 plugins.
Preloading 0 native plugins for Editor in 0.00 ms.
Unloading 3125 Unused Serialized files (Serialized files now loaded: 0)
System memory in use before: 120.0 MB.
System memory in use after: 120.2 MB.

Unloading 10 unused Assets to reduce memory usage. Loaded Objects now: 3629.
Total: 3.311700 ms (FindLiveObjects: 0.239000 ms CreateObjectMapping: 0.152500 ms MarkObjects: 2.839000 ms  DeleteObjects: 0.078700 ms)

AssetImportWorkerClient::OnTransportError - code=2 error=End of file
